<?xml version="1.0"?>
<!DOCTYPE coverage SYSTEM "http://cobertura.sourceforge.net/xml/coverage-04.dtd">

<coverage line-rate="0.888663967611336" branch-rate="0.8555555555555555" lines-covered="439" lines-valid="494" branches-covered="154" branches-valid="180" complexity="1.8267716535433072" version="1.9.4.1" timestamp="1333528849600">
	<sources>
		<source>--source</source>
		<source>D:/work/project/lib/code.google.com/maven-deltacoverage-plugin/src/main/java</source>
	</sources>
	<packages>
		<package name="org.apache.maven.plugin.deltacoverage" line-rate="0.9316239316239316" branch-rate="0.7916666666666666" complexity="3.3333333333333335">
			<classes>
				<class name="org.apache.maven.plugin.deltacoverage.DeltaCoverageCalculator" filename="org/apache/maven/plugin/deltacoverage/DeltaCoverageCalculator.java" line-rate="0.989010989010989" branch-rate="0.8333333333333334" complexity="4.5">
					<methods>
						<method name="&lt;init&gt;" signature="()V" line-rate="0.0" branch-rate="1.0">
							<lines>
								<line number="26" hits="0" branch="false"/>
							</lines>
						</method>
						<method name="calculateDeltaCoverage" signature="(Lorg/apache/maven/plugin/deltacoverage/coverage/ModuleCoverage;Ljava/util/List;)Lorg/apache/maven/plugin/deltacoverage/coverage/ModuleCoverage;" line-rate="1.0" branch-rate="1.0">
							<lines>
								<line number="39" hits="1" branch="false"/>
								<line number="40" hits="1" branch="false"/>
								<line number="41" hits="1" branch="false"/>
							</lines>
						</method>
						<method name="createDeltaCoverage" signature="(Lorg/apache/maven/plugin/deltacoverage/coverage/ModuleCoverage;Ljava/util/List;)Lorg/apache/maven/plugin/deltacoverage/coverage/ModuleCoverage;" line-rate="1.0" branch-rate="0.75">
							<lines>
								<line number="137" hits="1" branch="false"/>
								<line number="138" hits="1" branch="false"/>
								<line number="139" hits="1" branch="false"/>
								<line number="140" hits="1" branch="true" condition-coverage="100% (2/2)">
									<conditions>
										<condition number="0" type="jump" coverage="100%"/>
									</conditions>
								</line>
								<line number="141" hits="3" branch="false"/>
								<line number="143" hits="3" branch="false"/>
								<line number="144" hits="3" branch="false"/>
								<line number="145" hits="3" branch="true" condition-coverage="50% (1/2)">
									<conditions>
										<condition number="0" type="jump" coverage="50%"/>
									</conditions>
								</line>
								<line number="146" hits="3" branch="false"/>
								<line number="148" hits="3" branch="true" condition-coverage="50% (1/2)">
									<conditions>
										<condition number="0" type="jump" coverage="50%"/>
									</conditions>
								</line>
								<line number="149" hits="3" branch="false"/>
								<line number="150" hits="3" branch="false"/>
								<line number="151" hits="3" branch="false"/>
								<line number="152" hits="3" branch="true" condition-coverage="100% (2/2)">
									<conditions>
										<condition number="0" type="jump" coverage="100%"/>
									</conditions>
								</line>
								<line number="153" hits="67" branch="false"/>
								<line number="154" hits="67" branch="false"/>
								<line number="155" hits="67" branch="true" condition-coverage="100% (2/2)">
									<conditions>
										<condition number="0" type="jump" coverage="100%"/>
									</conditions>
								</line>
								<line number="156" hits="31" branch="false"/>
								<line number="157" hits="31" branch="false"/>
								<line number="159" hits="31" branch="false"/>
								<line number="160" hits="31" branch="true" condition-coverage="50% (1/2)">
									<conditions>
										<condition number="0" type="jump" coverage="50%"/>
									</conditions>
								</line>
								<line number="161" hits="31" branch="false"/>
								<line number="162" hits="31" branch="true" condition-coverage="100% (2/2)">
									<conditions>
										<condition number="0" type="jump" coverage="100%"/>
									</conditions>
								</line>
								<line number="163" hits="5" branch="false"/>
								<line number="164" hits="5" branch="false"/>
								<line number="165" hits="5" branch="false"/>
								<line number="166" hits="5" branch="false"/>
								<line number="168" hits="31" branch="false"/>
								<line number="171" hits="67" branch="false"/>
								<line number="173" hits="3" branch="true" condition-coverage="50% (2/4)">
									<conditions>
										<condition number="0" type="jump" coverage="50%"/>
										<condition number="1" type="jump" coverage="50%"/>
									</conditions>
								</line>
								<line number="175" hits="3" branch="false"/>
								<line number="176" hits="3" branch="true" condition-coverage="100% (2/2)">
									<conditions>
										<condition number="0" type="jump" coverage="100%"/>
									</conditions>
								</line>
								<line number="177" hits="2" branch="false"/>
								<line number="178" hits="2" branch="false"/>
								<line number="179" hits="2" branch="false"/>
								<line number="181" hits="3" branch="false"/>
								<line number="184" hits="3" branch="false"/>
								<line number="185" hits="1" branch="false"/>
							</lines>
						</method>
						<method name="evaluateCoverageRate" signature="(Lorg/apache/maven/plugin/deltacoverage/coverage/ModuleCoverage;)V" line-rate="1.0" branch-rate="1.0">
							<lines>
								<line number="52" hits="1" branch="false"/>
								<line number="53" hits="1" branch="true" condition-coverage="100% (2/2)">
									<conditions>
										<condition number="0" type="jump" coverage="100%"/>
									</conditions>
								</line>
								<line number="54" hits="2" branch="false"/>
								<line number="56" hits="2" branch="true" condition-coverage="100% (2/2)">
									<conditions>
										<condition number="0" type="jump" coverage="100%"/>
									</conditions>
								</line>
								<line number="57" hits="3" branch="true" condition-coverage="100% (2/2)">
									<conditions>
										<condition number="0" type="jump" coverage="100%"/>
									</conditions>
								</line>
								<line number="58" hits="5" branch="false"/>
								<line number="59" hits="5" branch="false"/>
								<line number="62" hits="3" branch="false"/>
								<line number="63" hits="3" branch="false"/>
								<line number="64" hits="3" branch="false"/>
								<line number="66" hits="2" branch="false"/>
								<line number="67" hits="2" branch="false"/>
								<line number="68" hits="2" branch="false"/>
								<line number="69" hits="2" branch="false"/>
								<line number="70" hits="1" branch="false"/>
								<line number="71" hits="1" branch="false"/>
								<line number="72" hits="1" branch="false"/>
							</lines>
						</method>
						<method name="getPackageName" signature="(Lorg/apache/maven/plugin/deltacoverage/change/ClassChange;)Ljava/lang/String;" line-rate="1.0" branch-rate="0.5">
							<lines>
								<line number="196" hits="3" branch="false"/>
								<line number="197" hits="3" branch="false"/>
								<line number="198" hits="3" branch="true" condition-coverage="50% (1/2)">
									<conditions>
										<condition number="0" type="jump" coverage="50%"/>
									</conditions>
								</line>
								<line number="200" hits="3" branch="false"/>
								<line number="202" hits="3" branch="false"/>
							</lines>
						</method>
						<method name="setBranchRate" signature="(Ljava/util/List;Lorg/apache/maven/plugin/deltacoverage/coverage/AggregateCoverage;)V" line-rate="1.0" branch-rate="1.0">
							<lines>
								<line number="105" hits="11" branch="false"/>
								<line number="106" hits="11" branch="false"/>
								<line number="107" hits="11" branch="true" condition-coverage="100% (2/2)">
									<conditions>
										<condition number="0" type="jump" coverage="100%"/>
									</conditions>
								</line>
								<line number="108" hits="124" branch="true" condition-coverage="100% (2/2)">
									<conditions>
										<condition number="0" type="jump" coverage="100%"/>
									</conditions>
								</line>
								<line number="109" hits="32" branch="false"/>
								<line number="112" hits="11" branch="true" condition-coverage="100% (2/2)">
									<conditions>
										<condition number="0" type="jump" coverage="100%"/>
									</conditions>
								</line>
								<line number="114" hits="10" branch="false"/>
								<line number="115" hits="10" branch="false"/>
								<line number="116" hits="10" branch="true" condition-coverage="100% (2/2)">
									<conditions>
										<condition number="0" type="jump" coverage="100%"/>
									</conditions>
								</line>
								<line number="117" hits="32" branch="false"/>
								<line number="118" hits="32" branch="false"/>
								<line number="120" hits="10" branch="false"/>
								<line number="121" hits="10" branch="false"/>
								<line number="122" hits="10" branch="false"/>
								<line number="124" hits="11" branch="false"/>
								<line number="125" hits="11" branch="false"/>
							</lines>
						</method>
						<method name="setLineRate" signature="(Ljava/util/List;Lorg/apache/maven/plugin/deltacoverage/coverage/AggregateCoverage;)V" line-rate="1.0" branch-rate="0.8333333333333334">
							<lines>
								<line number="82" hits="11" branch="false"/>
								<line number="83" hits="11" branch="false"/>
								<line number="84" hits="11" branch="true" condition-coverage="100% (2/2)">
									<conditions>
										<condition number="0" type="jump" coverage="100%"/>
									</conditions>
								</line>
								<line number="85" hits="124" branch="true" condition-coverage="100% (2/2)">
									<conditions>
										<condition number="0" type="jump" coverage="100%"/>
									</conditions>
								</line>
								<line number="86" hits="88" branch="false"/>
								<line number="89" hits="11" branch="true" condition-coverage="50% (1/2)">
									<conditions>
										<condition number="0" type="jump" coverage="50%"/>
									</conditions>
								</line>
								<line number="90" hits="11" branch="false"/>
								<line number="92" hits="11" branch="false"/>
								<line number="93" hits="11" branch="false"/>
								<line number="94" hits="11" branch="false"/>
								<line number="95" hits="11" branch="false"/>
							</lines>
						</method>
					</methods>
					<lines>
						<line number="26" hits="0" branch="false"/>
						<line number="39" hits="1" branch="false"/>
						<line number="40" hits="1" branch="false"/>
						<line number="41" hits="1" branch="false"/>
						<line number="52" hits="1" branch="false"/>
						<line number="53" hits="1" branch="true" condition-coverage="100% (2/2)">
							<conditions>
								<condition number="0" type="jump" coverage="100%"/>
							</conditions>
						</line>
						<line number="54" hits="2" branch="false"/>
						<line number="56" hits="2" branch="true" condition-coverage="100% (2/2)">
							<conditions>
								<condition number="0" type="jump" coverage="100%"/>
							</conditions>
						</line>
						<line number="57" hits="3" branch="true" condition-coverage="100% (2/2)">
							<conditions>
								<condition number="0" type="jump" coverage="100%"/>
							</conditions>
						</line>
						<line number="58" hits="5" branch="false"/>
						<line number="59" hits="5" branch="false"/>
						<line number="62" hits="3" branch="false"/>
						<line number="63" hits="3" branch="false"/>
						<line number="64" hits="3" branch="false"/>
						<line number="66" hits="2" branch="false"/>
						<line number="67" hits="2" branch="false"/>
						<line number="68" hits="2" branch="false"/>
						<line number="69" hits="2" branch="false"/>
						<line number="70" hits="1" branch="false"/>
						<line number="71" hits="1" branch="false"/>
						<line number="72" hits="1" branch="false"/>
						<line number="82" hits="11" branch="false"/>
						<line number="83" hits="11" branch="false"/>
						<line number="84" hits="11" branch="true" condition-coverage="100% (2/2)">
							<conditions>
								<condition number="0" type="jump" coverage="100%"/>
							</conditions>
						</line>
						<line number="85" hits="124" branch="true" condition-coverage="100% (2/2)">
							<conditions>
								<condition number="0" type="jump" coverage="100%"/>
							</conditions>
						</line>
						<line number="86" hits="88" branch="false"/>
						<line number="89" hits="11" branch="true" condition-coverage="50% (1/2)">
							<conditions>
								<condition number="0" type="jump" coverage="50%"/>
							</conditions>
						</line>
						<line number="90" hits="11" branch="false"/>
						<line number="92" hits="11" branch="false"/>
						<line number="93" hits="11" branch="false"/>
						<line number="94" hits="11" branch="false"/>
						<line number="95" hits="11" branch="false"/>
						<line number="105" hits="11" branch="false"/>
						<line number="106" hits="11" branch="false"/>
						<line number="107" hits="11" branch="true" condition-coverage="100% (2/2)">
							<conditions>
								<condition number="0" type="jump" coverage="100%"/>
							</conditions>
						</line>
						<line number="108" hits="124" branch="true" condition-coverage="100% (2/2)">
							<conditions>
								<condition number="0" type="jump" coverage="100%"/>
							</conditions>
						</line>
						<line number="109" hits="32" branch="false"/>
						<line number="112" hits="11" branch="true" condition-coverage="100% (2/2)">
							<conditions>
								<condition number="0" type="jump" coverage="100%"/>
							</conditions>
						</line>
						<line number="114" hits="10" branch="false"/>
						<line number="115" hits="10" branch="false"/>
						<line number="116" hits="10" branch="true" condition-coverage="100% (2/2)">
							<conditions>
								<condition number="0" type="jump" coverage="100%"/>
							</conditions>
						</line>
						<line number="117" hits="32" branch="false"/>
						<line number="118" hits="32" branch="false"/>
						<line number="120" hits="10" branch="false"/>
						<line number="121" hits="10" branch="false"/>
						<line number="122" hits="10" branch="false"/>
						<line number="124" hits="11" branch="false"/>
						<line number="125" hits="11" branch="false"/>
						<line number="137" hits="1" branch="false"/>
						<line number="138" hits="1" branch="false"/>
						<line number="139" hits="1" branch="false"/>
						<line number="140" hits="1" branch="true" condition-coverage="100% (2/2)">
							<conditions>
								<condition number="0" type="jump" coverage="100%"/>
							</conditions>
						</line>
						<line number="141" hits="3" branch="false"/>
						<line number="143" hits="3" branch="false"/>
						<line number="144" hits="3" branch="false"/>
						<line number="145" hits="3" branch="true" condition-coverage="50% (1/2)">
							<conditions>
								<condition number="0" type="jump" coverage="50%"/>
							</conditions>
						</line>
						<line number="146" hits="3" branch="false"/>
						<line number="148" hits="3" branch="true" condition-coverage="50% (1/2)">
							<conditions>
								<condition number="0" type="jump" coverage="50%"/>
							</conditions>
						</line>
						<line number="149" hits="3" branch="false"/>
						<line number="150" hits="3" branch="false"/>
						<line number="151" hits="3" branch="false"/>
						<line number="152" hits="3" branch="true" condition-coverage="100% (2/2)">
							<conditions>
								<condition number="0" type="jump" coverage="100%"/>
							</conditions>
						</line>
						<line number="153" hits="67" branch="false"/>
						<line number="154" hits="67" branch="false"/>
						<line number="155" hits="67" branch="true" condition-coverage="100% (2/2)">
							<conditions>
								<condition number="0" type="jump" coverage="100%"/>
							</conditions>
						</line>
						<line number="156" hits="31" branch="false"/>
						<line number="157" hits="31" branch="false"/>
						<line number="159" hits="31" branch="false"/>
						<line number="160" hits="31" branch="true" condition-coverage="50% (1/2)">
							<conditions>
								<condition number="0" type="jump" coverage="50%"/>
							</conditions>
						</line>
						<line number="161" hits="31" branch="false"/>
						<line number="162" hits="31" branch="true" condition-coverage="100% (2/2)">
							<conditions>
								<condition number="0" type="jump" coverage="100%"/>
							</conditions>
						</line>
						<line number="163" hits="5" branch="false"/>
						<line number="164" hits="5" branch="false"/>
						<line number="165" hits="5" branch="false"/>
						<line number="166" hits="5" branch="false"/>
						<line number="168" hits="31" branch="false"/>
						<line number="171" hits="67" branch="false"/>
						<line number="173" hits="3" branch="true" condition-coverage="50% (2/4)">
							<conditions>
								<condition number="0" type="jump" coverage="50%"/>
								<condition number="1" type="jump" coverage="50%"/>
							</conditions>
						</line>
						<line number="175" hits="3" branch="false"/>
						<line number="176" hits="3" branch="true" condition-coverage="100% (2/2)">
							<conditions>
								<condition number="0" type="jump" coverage="100%"/>
							</conditions>
						</line>
						<line number="177" hits="2" branch="false"/>
						<line number="178" hits="2" branch="false"/>
						<line number="179" hits="2" branch="false"/>
						<line number="181" hits="3" branch="false"/>
						<line number="184" hits="3" branch="false"/>
						<line number="185" hits="1" branch="false"/>
						<line number="196" hits="3" branch="false"/>
						<line number="197" hits="3" branch="false"/>
						<line number="198" hits="3" branch="true" condition-coverage="50% (1/2)">
							<conditions>
								<condition number="0" type="jump" coverage="50%"/>
							</conditions>
						</line>
						<line number="200" hits="3" branch="false"/>
						<line number="202" hits="3" branch="false"/>
					</lines>
				</class>
				<class name="org.apache.maven.plugin.deltacoverage.DeltaCoverageMojo" filename="org/apache/maven/plugin/deltacoverage/DeltaCoverageMojo.java" line-rate="0.7307692307692307" branch-rate="0.5" complexity="2.1666666666666665">
					<methods>
						<method name="&lt;init&gt;" signature="()V" line-rate="1.0" branch-rate="1.0">
							<lines>
								<line number="24" hits="1" branch="false"/>
							</lines>
						</method>
						<method name="execute" signature="()V" line-rate="0.5333333333333333" branch-rate="0.5">
							<lines>
								<line number="64" hits="1" branch="true" condition-coverage="50% (2/4)">
									<conditions>
										<condition number="0" type="jump" coverage="50%"/>
										<condition number="1" type="jump" coverage="50%"/>
									</conditions>
								</line>
								<line number="65" hits="0" branch="false"/>
								<line number="66" hits="0" branch="false"/>
								<line number="69" hits="1" branch="true" condition-coverage="50% (1/2)">
									<conditions>
										<condition number="0" type="jump" coverage="50%"/>
									</conditions>
								</line>
								<line number="70" hits="0" branch="false"/>
								<line number="71" hits="0" branch="false"/>
								<line number="74" hits="1" branch="false"/>
								<line number="76" hits="1" branch="false"/>
								<line number="77" hits="1" branch="false"/>
								<line number="78" hits="1" branch="false"/>
								<line number="79" hits="0" branch="false"/>
								<line number="80" hits="0" branch="false"/>
								<line number="81" hits="0" branch="false"/>
								<line number="82" hits="1" branch="false"/>
								<line number="83" hits="1" branch="false"/>
							</lines>
						</method>
						<method name="setBaselineVersion" signature="(Ljava/lang/String;)V" line-rate="1.0" branch-rate="1.0">
							<lines>
								<line number="98" hits="1" branch="false"/>
								<line number="99" hits="1" branch="false"/>
							</lines>
						</method>
						<method name="setCoverageReport" signature="(Ljava/io/File;)V" line-rate="1.0" branch-rate="1.0">
							<lines>
								<line number="94" hits="1" branch="false"/>
								<line number="95" hits="1" branch="false"/>
							</lines>
						</method>
						<method name="setReportDir" signature="(Ljava/io/File;)V" line-rate="1.0" branch-rate="1.0">
							<lines>
								<line number="86" hits="1" branch="false"/>
								<line number="87" hits="1" branch="false"/>
							</lines>
						</method>
						<method name="setScm" signature="(Ljava/lang/String;)V" line-rate="1.0" branch-rate="1.0">
							<lines>
								<line number="102" hits="1" branch="false"/>
								<line number="103" hits="1" branch="false"/>
							</lines>
						</method>
						<method name="setSourceDir" signature="(Ljava/io/File;)V" line-rate="1.0" branch-rate="1.0">
							<lines>
								<line number="90" hits="1" branch="false"/>
								<line number="91" hits="1" branch="false"/>
							</lines>
						</method>
					</methods>
					<lines>
						<line number="24" hits="1" branch="false"/>
						<line number="64" hits="1" branch="true" condition-coverage="50% (2/4)">
							<conditions>
								<condition number="0" type="jump" coverage="50%"/>
								<condition number="1" type="jump" coverage="50%"/>
							</conditions>
						</line>
						<line number="65" hits="0" branch="false"/>
						<line number="66" hits="0" branch="false"/>
						<line number="69" hits="1" branch="true" condition-coverage="50% (1/2)">
							<conditions>
								<condition number="0" type="jump" coverage="50%"/>
							</conditions>
						</line>
						<line number="70" hits="0" branch="false"/>
						<line number="71" hits="0" branch="false"/>
						<line number="74" hits="1" branch="false"/>
						<line number="76" hits="1" branch="false"/>
						<line number="77" hits="1" branch="false"/>
						<line number="78" hits="1" branch="false"/>
						<line number="79" hits="0" branch="false"/>
						<line number="80" hits="0" branch="false"/>
						<line number="81" hits="0" branch="false"/>
						<line number="82" hits="1" branch="false"/>
						<line number="83" hits="1" branch="false"/>
						<line number="86" hits="1" branch="false"/>
						<line number="87" hits="1" branch="false"/>
						<line number="90" hits="1" branch="false"/>
						<line number="91" hits="1" branch="false"/>
						<line number="94" hits="1" branch="false"/>
						<line number="95" hits="1" branch="false"/>
						<line number="98" hits="1" branch="false"/>
						<line number="99" hits="1" branch="false"/>
						<line number="102" hits="1" branch="false"/>
						<line number="103" hits="1" branch="false"/>
					</lines>
				</class>
			</classes>
		</package>
		<package name="org.apache.maven.plugin.deltacoverage.change" line-rate="0.8846153846153846" branch-rate="1.0" complexity="1.0">
			<classes>
				<class name="org.apache.maven.plugin.deltacoverage.change.ChangeType" filename="org/apache/maven/plugin/deltacoverage/change/ChangeType.java" line-rate="1.0" branch-rate="1.0" complexity="0.0">
					<methods>
						<method name="&lt;clinit&gt;" signature="()V" line-rate="1.0" branch-rate="1.0">
							<lines>
								<line number="3" hits="4" branch="false"/>
								<line number="5" hits="1" branch="false"/>
								<line number="6" hits="1" branch="false"/>
								<line number="7" hits="1" branch="false"/>
							</lines>
						</method>
						<method name="&lt;init&gt;" signature="(Ljava/lang/String;I)V" line-rate="1.0" branch-rate="1.0">
							<lines>
							</lines>
						</method>
						<method name="valueOf" signature="(Ljava/lang/String;)Lorg/apache/maven/plugin/deltacoverage/change/ChangeType;" line-rate="1.0" branch-rate="1.0">
							<lines>
							</lines>
						</method>
						<method name="values" signature="()[Lorg/apache/maven/plugin/deltacoverage/change/ChangeType;" line-rate="1.0" branch-rate="1.0">
							<lines>
							</lines>
						</method>
					</methods>
					<lines>
						<line number="3" hits="4" branch="false"/>
						<line number="5" hits="1" branch="false"/>
						<line number="6" hits="1" branch="false"/>
						<line number="7" hits="1" branch="false"/>
					</lines>
				</class>
				<class name="org.apache.maven.plugin.deltacoverage.change.ClassChange" filename="org/apache/maven/plugin/deltacoverage/change/ClassChange.java" line-rate="0.9090909090909091" branch-rate="1.0" complexity="1.0">
					<methods>
						<method name="&lt;init&gt;" signature="()V" line-rate="1.0" branch-rate="1.0">
							<lines>
								<line number="5" hits="6" branch="false"/>
							</lines>
						</method>
						<method name="getFilename" signature="()Ljava/lang/String;" line-rate="1.0" branch-rate="1.0">
							<lines>
								<line number="17" hits="6" branch="false"/>
							</lines>
						</method>
						<method name="getLines" signature="()Ljava/util/List;" line-rate="1.0" branch-rate="1.0">
							<lines>
								<line number="23" hits="29" branch="false"/>
							</lines>
						</method>
						<method name="getName" signature="()Ljava/lang/String;" line-rate="1.0" branch-rate="1.0">
							<lines>
								<line number="11" hits="18" branch="false"/>
							</lines>
						</method>
						<method name="setFilename" signature="(Ljava/lang/String;)V" line-rate="1.0" branch-rate="1.0">
							<lines>
								<line number="20" hits="6" branch="false"/>
								<line number="21" hits="6" branch="false"/>
							</lines>
						</method>
						<method name="setLines" signature="(Ljava/util/List;)V" line-rate="1.0" branch-rate="1.0">
							<lines>
								<line number="26" hits="6" branch="false"/>
								<line number="27" hits="6" branch="false"/>
							</lines>
						</method>
						<method name="setName" signature="(Ljava/lang/String;)V" line-rate="1.0" branch-rate="1.0">
							<lines>
								<line number="14" hits="6" branch="false"/>
								<line number="15" hits="6" branch="false"/>
							</lines>
						</method>
						<method name="toString" signature="()Ljava/lang/String;" line-rate="0.0" branch-rate="1.0">
							<lines>
								<line number="30" hits="0" branch="false"/>
							</lines>
						</method>
					</methods>
					<lines>
						<line number="5" hits="6" branch="false"/>
						<line number="11" hits="18" branch="false"/>
						<line number="14" hits="6" branch="false"/>
						<line number="15" hits="6" branch="false"/>
						<line number="17" hits="6" branch="false"/>
						<line number="20" hits="6" branch="false"/>
						<line number="21" hits="6" branch="false"/>
						<line number="23" hits="29" branch="false"/>
						<line number="26" hits="6" branch="false"/>
						<line number="27" hits="6" branch="false"/>
						<line number="30" hits="0" branch="false"/>
					</lines>
				</class>
				<class name="org.apache.maven.plugin.deltacoverage.change.LineChange" filename="org/apache/maven/plugin/deltacoverage/change/LineChange.java" line-rate="0.8181818181818182" branch-rate="1.0" complexity="1.0">
					<methods>
						<method name="&lt;init&gt;" signature="()V" line-rate="1.0" branch-rate="1.0">
							<lines>
								<line number="3" hits="134" branch="false"/>
							</lines>
						</method>
						<method name="getLineNumber" signature="()I" line-rate="1.0" branch-rate="1.0">
							<lines>
								<line number="16" hits="82" branch="false"/>
							</lines>
						</method>
						<method name="getType" signature="()Lorg/apache/maven/plugin/deltacoverage/change/ChangeType;" line-rate="0.0" branch-rate="1.0">
							<lines>
								<line number="10" hits="0" branch="false"/>
							</lines>
						</method>
						<method name="getValue" signature="()Ljava/lang/String;" line-rate="1.0" branch-rate="1.0">
							<lines>
								<line number="23" hits="31" branch="false"/>
							</lines>
						</method>
						<method name="setLineNumber" signature="(I)V" line-rate="1.0" branch-rate="1.0">
							<lines>
								<line number="19" hits="134" branch="false"/>
								<line number="20" hits="134" branch="false"/>
							</lines>
						</method>
						<method name="setType" signature="(Lorg/apache/maven/plugin/deltacoverage/change/ChangeType;)V" line-rate="1.0" branch-rate="1.0">
							<lines>
								<line number="13" hits="134" branch="false"/>
								<line number="14" hits="134" branch="false"/>
							</lines>
						</method>
						<method name="setValue" signature="(Ljava/lang/String;)V" line-rate="1.0" branch-rate="1.0">
							<lines>
								<line number="26" hits="134" branch="false"/>
								<line number="27" hits="134" branch="false"/>
							</lines>
						</method>
						<method name="toString" signature="()Ljava/lang/String;" line-rate="0.0" branch-rate="1.0">
							<lines>
								<line number="30" hits="0" branch="false"/>
							</lines>
						</method>
					</methods>
					<lines>
						<line number="3" hits="134" branch="false"/>
						<line number="10" hits="0" branch="false"/>
						<line number="13" hits="134" branch="false"/>
						<line number="14" hits="134" branch="false"/>
						<line number="16" hits="82" branch="false"/>
						<line number="19" hits="134" branch="false"/>
						<line number="20" hits="134" branch="false"/>
						<line number="23" hits="31" branch="false"/>
						<line number="26" hits="134" branch="false"/>
						<line number="27" hits="134" branch="false"/>
						<line number="30" hits="0" branch="false"/>
					</lines>
				</class>
			</classes>
		</package>
		<package name="org.apache.maven.plugin.deltacoverage.coverage" line-rate="0.7923497267759563" branch-rate="0.8571428571428571" complexity="1.375">
			<classes>
				<class name="org.apache.maven.plugin.deltacoverage.coverage.AggregateCoverage" filename="org/apache/maven/plugin/deltacoverage/coverage/AggregateCoverage.java" line-rate="0.9090909090909091" branch-rate="1.0" complexity="1.0">
					<methods>
						<method name="&lt;init&gt;" signature="()V" line-rate="1.0" branch-rate="1.0">
							<lines>
								<line number="3" hits="11" branch="false"/>
							</lines>
						</method>
						<method name="getBranchRate" signature="()D" line-rate="1.0" branch-rate="1.0">
							<lines>
								<line number="24" hits="53" branch="false"/>
							</lines>
						</method>
						<method name="getComplexity" signature="()D" line-rate="1.0" branch-rate="1.0">
							<lines>
								<line number="32" hits="6" branch="false"/>
							</lines>
						</method>
						<method name="getHitBranches" signature="()I" line-rate="1.0" branch-rate="1.0">
							<lines>
								<line number="64" hits="22" branch="false"/>
							</lines>
						</method>
						<method name="getHitLines" signature="()I" line-rate="1.0" branch-rate="1.0">
							<lines>
								<line number="48" hits="23" branch="false"/>
							</lines>
						</method>
						<method name="getLineRate" signature="()D" line-rate="1.0" branch-rate="1.0">
							<lines>
								<line number="16" hits="55" branch="false"/>
							</lines>
						</method>
						<method name="getTotalBranches" signature="()I" line-rate="1.0" branch-rate="1.0">
							<lines>
								<line number="56" hits="22" branch="false"/>
							</lines>
						</method>
						<method name="getTotalLines" signature="()I" line-rate="1.0" branch-rate="1.0">
							<lines>
								<line number="40" hits="23" branch="false"/>
							</lines>
						</method>
						<method name="setBranchRate" signature="(D)V" line-rate="1.0" branch-rate="1.0">
							<lines>
								<line number="28" hits="11" branch="false"/>
								<line number="29" hits="11" branch="false"/>
							</lines>
						</method>
						<method name="setComplexity" signature="(D)V" line-rate="0.0" branch-rate="1.0">
							<lines>
								<line number="36" hits="0" branch="false"/>
								<line number="37" hits="0" branch="false"/>
							</lines>
						</method>
						<method name="setHitBranches" signature="(I)V" line-rate="1.0" branch-rate="1.0">
							<lines>
								<line number="68" hits="10" branch="false"/>
								<line number="69" hits="10" branch="false"/>
							</lines>
						</method>
						<method name="setHitLines" signature="(I)V" line-rate="1.0" branch-rate="1.0">
							<lines>
								<line number="52" hits="11" branch="false"/>
								<line number="53" hits="11" branch="false"/>
							</lines>
						</method>
						<method name="setLineRate" signature="(D)V" line-rate="1.0" branch-rate="1.0">
							<lines>
								<line number="20" hits="11" branch="false"/>
								<line number="21" hits="11" branch="false"/>
							</lines>
						</method>
						<method name="setTotalBranches" signature="(I)V" line-rate="1.0" branch-rate="1.0">
							<lines>
								<line number="60" hits="10" branch="false"/>
								<line number="61" hits="10" branch="false"/>
							</lines>
						</method>
						<method name="setTotalLines" signature="(I)V" line-rate="1.0" branch-rate="1.0">
							<lines>
								<line number="44" hits="11" branch="false"/>
								<line number="45" hits="11" branch="false"/>
							</lines>
						</method>
					</methods>
					<lines>
						<line number="3" hits="11" branch="false"/>
						<line number="16" hits="55" branch="false"/>
						<line number="20" hits="11" branch="false"/>
						<line number="21" hits="11" branch="false"/>
						<line number="24" hits="53" branch="false"/>
						<line number="28" hits="11" branch="false"/>
						<line number="29" hits="11" branch="false"/>
						<line number="32" hits="6" branch="false"/>
						<line number="36" hits="0" branch="false"/>
						<line number="37" hits="0" branch="false"/>
						<line number="40" hits="23" branch="false"/>
						<line number="44" hits="11" branch="false"/>
						<line number="45" hits="11" branch="false"/>
						<line number="48" hits="23" branch="false"/>
						<line number="52" hits="11" branch="false"/>
						<line number="53" hits="11" branch="false"/>
						<line number="56" hits="22" branch="false"/>
						<line number="60" hits="10" branch="false"/>
						<line number="61" hits="10" branch="false"/>
						<line number="64" hits="22" branch="false"/>
						<line number="68" hits="10" branch="false"/>
						<line number="69" hits="10" branch="false"/>
					</lines>
				</class>
				<class name="org.apache.maven.plugin.deltacoverage.coverage.ClassCoverage" filename="org/apache/maven/plugin/deltacoverage/coverage/ClassCoverage.java" line-rate="0.8571428571428571" branch-rate="0.8636363636363636" complexity="2.076923076923077">
					<methods>
						<method name="&lt;init&gt;" signature="()V" line-rate="1.0" branch-rate="1.0">
							<lines>
								<line number="6" hits="3" branch="false"/>
							</lines>
						</method>
						<method name="addLine" signature="(Lorg/apache/maven/plugin/deltacoverage/coverage/LineCoverage;)V" line-rate="1.0" branch-rate="1.0">
							<lines>
								<line number="46" hits="31" branch="true" condition-coverage="100% (2/2)">
									<conditions>
										<condition number="0" type="jump" coverage="100%"/>
									</conditions>
								</line>
								<line number="47" hits="3" branch="false"/>
								<line number="49" hits="31" branch="false"/>
								<line number="50" hits="31" branch="false"/>
							</lines>
						</method>
						<method name="addMethod" signature="(Lorg/apache/maven/plugin/deltacoverage/coverage/MethodCoverage;)V" line-rate="1.0" branch-rate="1.0">
							<lines>
								<line number="53" hits="5" branch="true" condition-coverage="100% (2/2)">
									<conditions>
										<condition number="0" type="jump" coverage="100%"/>
									</conditions>
								</line>
								<line number="54" hits="3" branch="false"/>
								<line number="56" hits="5" branch="false"/>
								<line number="57" hits="5" branch="false"/>
							</lines>
						</method>
						<method name="getFilename" signature="()Ljava/lang/String;" line-rate="1.0" branch-rate="1.0">
							<lines>
								<line number="38" hits="3" branch="false"/>
							</lines>
						</method>
						<method name="getLine" signature="(I)Lorg/apache/maven/plugin/deltacoverage/coverage/LineCoverage;" line-rate="1.0" branch-rate="1.0">
							<lines>
								<line number="60" hits="67" branch="true" condition-coverage="100% (2/2)">
									<conditions>
										<condition number="0" type="jump" coverage="100%"/>
									</conditions>
								</line>
								<line number="61" hits="1553" branch="true" condition-coverage="100% (2/2)">
									<conditions>
										<condition number="0" type="jump" coverage="100%"/>
									</conditions>
								</line>
								<line number="62" hits="31" branch="false"/>
								<line number="65" hits="36" branch="false"/>
							</lines>
						</method>
						<method name="getLines" signature="()Ljava/util/List;" line-rate="1.0" branch-rate="1.0">
							<lines>
								<line number="22" hits="18" branch="false"/>
							</lines>
						</method>
						<method name="getMethod" signature="(I)Lorg/apache/maven/plugin/deltacoverage/coverage/MethodCoverage;" line-rate="0.8" branch-rate="0.6666666666666666">
							<lines>
								<line number="70" hits="31" branch="true" condition-coverage="50% (1/2)">
									<conditions>
										<condition number="0" type="jump" coverage="50%"/>
									</conditions>
								</line>
								<line number="71" hits="31" branch="true" condition-coverage="50% (1/2)">
									<conditions>
										<condition number="0" type="jump" coverage="50%"/>
									</conditions>
								</line>
								<line number="73" hits="64" branch="true" condition-coverage="100% (2/2)">
									<conditions>
										<condition number="0" type="jump" coverage="100%"/>
									</conditions>
								</line>
								<line number="74" hits="31" branch="false"/>
								<line number="78" hits="0" branch="false"/>
							</lines>
						</method>
						<method name="getMethod" signature="(Ljava/lang/String;Ljava/lang/String;)Lorg/apache/maven/plugin/deltacoverage/coverage/MethodCoverage;" line-rate="1.0" branch-rate="0.875">
							<lines>
								<line number="82" hits="31" branch="true" condition-coverage="100% (2/2)">
									<conditions>
										<condition number="0" type="jump" coverage="100%"/>
									</conditions>
								</line>
								<line number="83" hits="28" branch="true" condition-coverage="100% (2/2)">
									<conditions>
										<condition number="0" type="jump" coverage="100%"/>
									</conditions>
								</line>
								<line number="85" hits="59" branch="true" condition-coverage="75% (3/4)">
									<conditions>
										<condition number="0" type="jump" coverage="100%"/>
										<condition number="1" type="jump" coverage="50%"/>
									</conditions>
								</line>
								<line number="86" hits="26" branch="false"/>
								<line number="90" hits="5" branch="false"/>
							</lines>
						</method>
						<method name="getMethods" signature="()Ljava/util/List;" line-rate="1.0" branch-rate="1.0">
							<lines>
								<line number="14" hits="12" branch="false"/>
							</lines>
						</method>
						<method name="getName" signature="()Ljava/lang/String;" line-rate="1.0" branch-rate="1.0">
							<lines>
								<line number="30" hits="23" branch="false"/>
							</lines>
						</method>
						<method name="setFilename" signature="(Ljava/lang/String;)V" line-rate="1.0" branch-rate="1.0">
							<lines>
								<line number="42" hits="3" branch="false"/>
								<line number="43" hits="3" branch="false"/>
							</lines>
						</method>
						<method name="setLines" signature="(Ljava/util/List;)V" line-rate="0.0" branch-rate="1.0">
							<lines>
								<line number="26" hits="0" branch="false"/>
								<line number="27" hits="0" branch="false"/>
							</lines>
						</method>
						<method name="setMethods" signature="(Ljava/util/List;)V" line-rate="0.0" branch-rate="1.0">
							<lines>
								<line number="18" hits="0" branch="false"/>
								<line number="19" hits="0" branch="false"/>
							</lines>
						</method>
						<method name="setName" signature="(Ljava/lang/String;)V" line-rate="1.0" branch-rate="1.0">
							<lines>
								<line number="34" hits="3" branch="false"/>
								<line number="35" hits="3" branch="false"/>
							</lines>
						</method>
					</methods>
					<lines>
						<line number="6" hits="3" branch="false"/>
						<line number="14" hits="12" branch="false"/>
						<line number="18" hits="0" branch="false"/>
						<line number="19" hits="0" branch="false"/>
						<line number="22" hits="18" branch="false"/>
						<line number="26" hits="0" branch="false"/>
						<line number="27" hits="0" branch="false"/>
						<line number="30" hits="23" branch="false"/>
						<line number="34" hits="3" branch="false"/>
						<line number="35" hits="3" branch="false"/>
						<line number="38" hits="3" branch="false"/>
						<line number="42" hits="3" branch="false"/>
						<line number="43" hits="3" branch="false"/>
						<line number="46" hits="31" branch="true" condition-coverage="100% (2/2)">
							<conditions>
								<condition number="0" type="jump" coverage="100%"/>
							</conditions>
						</line>
						<line number="47" hits="3" branch="false"/>
						<line number="49" hits="31" branch="false"/>
						<line number="50" hits="31" branch="false"/>
						<line number="53" hits="5" branch="true" condition-coverage="100% (2/2)">
							<conditions>
								<condition number="0" type="jump" coverage="100%"/>
							</conditions>
						</line>
						<line number="54" hits="3" branch="false"/>
						<line number="56" hits="5" branch="false"/>
						<line number="57" hits="5" branch="false"/>
						<line number="60" hits="67" branch="true" condition-coverage="100% (2/2)">
							<conditions>
								<condition number="0" type="jump" coverage="100%"/>
							</conditions>
						</line>
						<line number="61" hits="1553" branch="true" condition-coverage="100% (2/2)">
							<conditions>
								<condition number="0" type="jump" coverage="100%"/>
							</conditions>
						</line>
						<line number="62" hits="31" branch="false"/>
						<line number="65" hits="36" branch="false"/>
						<line number="70" hits="31" branch="true" condition-coverage="50% (1/2)">
							<conditions>
								<condition number="0" type="jump" coverage="50%"/>
							</conditions>
						</line>
						<line number="71" hits="31" branch="true" condition-coverage="50% (1/2)">
							<conditions>
								<condition number="0" type="jump" coverage="50%"/>
							</conditions>
						</line>
						<line number="73" hits="64" branch="true" condition-coverage="100% (2/2)">
							<conditions>
								<condition number="0" type="jump" coverage="100%"/>
							</conditions>
						</line>
						<line number="74" hits="31" branch="false"/>
						<line number="78" hits="0" branch="false"/>
						<line number="82" hits="31" branch="true" condition-coverage="100% (2/2)">
							<conditions>
								<condition number="0" type="jump" coverage="100%"/>
							</conditions>
						</line>
						<line number="83" hits="28" branch="true" condition-coverage="100% (2/2)">
							<conditions>
								<condition number="0" type="jump" coverage="100%"/>
							</conditions>
						</line>
						<line number="85" hits="59" branch="true" condition-coverage="75% (3/4)">
							<conditions>
								<condition number="0" type="jump" coverage="100%"/>
								<condition number="1" type="jump" coverage="50%"/>
							</conditions>
						</line>
						<line number="86" hits="26" branch="false"/>
						<line number="90" hits="5" branch="false"/>
					</lines>
				</class>
				<class name="org.apache.maven.plugin.deltacoverage.coverage.ConditionCoverage" filename="org/apache/maven/plugin/deltacoverage/coverage/ConditionCoverage.java" line-rate="0.2727272727272727" branch-rate="1.0" complexity="1.0">
					<methods>
						<method name="&lt;init&gt;" signature="()V" line-rate="0.0" branch-rate="1.0">
							<lines>
								<line number="3" hits="0" branch="false"/>
							</lines>
						</method>
						<method name="getCoverage" signature="()Ljava/lang/String;" line-rate="1.0" branch-rate="1.0">
							<lines>
								<line number="21" hits="20" branch="false"/>
							</lines>
						</method>
						<method name="getNumber" signature="()I" line-rate="1.0" branch-rate="1.0">
							<lines>
								<line number="9" hits="20" branch="false"/>
							</lines>
						</method>
						<method name="getType" signature="()Ljava/lang/String;" line-rate="1.0" branch-rate="1.0">
							<lines>
								<line number="15" hits="20" branch="false"/>
							</lines>
						</method>
						<method name="setCoverage" signature="(Ljava/lang/String;)V" line-rate="0.0" branch-rate="1.0">
							<lines>
								<line number="24" hits="0" branch="false"/>
								<line number="25" hits="0" branch="false"/>
							</lines>
						</method>
						<method name="setNumber" signature="(I)V" line-rate="0.0" branch-rate="1.0">
							<lines>
								<line number="12" hits="0" branch="false"/>
								<line number="13" hits="0" branch="false"/>
							</lines>
						</method>
						<method name="setType" signature="(Ljava/lang/String;)V" line-rate="0.0" branch-rate="1.0">
							<lines>
								<line number="18" hits="0" branch="false"/>
								<line number="19" hits="0" branch="false"/>
							</lines>
						</method>
						<method name="toString" signature="()Ljava/lang/String;" line-rate="0.0" branch-rate="1.0">
							<lines>
								<line number="28" hits="0" branch="false"/>
							</lines>
						</method>
					</methods>
					<lines>
						<line number="3" hits="0" branch="false"/>
						<line number="9" hits="20" branch="false"/>
						<line number="12" hits="0" branch="false"/>
						<line number="13" hits="0" branch="false"/>
						<line number="15" hits="20" branch="false"/>
						<line number="18" hits="0" branch="false"/>
						<line number="19" hits="0" branch="false"/>
						<line number="21" hits="20" branch="false"/>
						<line number="24" hits="0" branch="false"/>
						<line number="25" hits="0" branch="false"/>
						<line number="28" hits="0" branch="false"/>
					</lines>
				</class>
				<class name="org.apache.maven.plugin.deltacoverage.coverage.CoverageReportReader" filename="org/apache/maven/plugin/deltacoverage/coverage/CoverageReportReader.java" line-rate="0.972972972972973" branch-rate="1.0" complexity="1.0">
					<methods>
						<method name="&lt;init&gt;" signature="()V" line-rate="0.0" branch-rate="1.0">
							<lines>
								<line number="15" hits="0" branch="false"/>
							</lines>
						</method>
						<method name="getCoverageData" signature="(Ljava/io/File;)Lorg/apache/maven/plugin/deltacoverage/coverage/ModuleCoverage;" line-rate="1.0" branch-rate="1.0">
							<lines>
								<line number="27" hits="2" branch="false"/>
								<line number="28" hits="2" branch="false"/>
								<line number="29" hits="2" branch="false"/>
								<line number="30" hits="2" branch="false"/>
								<line number="31" hits="2" branch="false"/>
								<line number="32" hits="2" branch="false"/>
								<line number="33" hits="2" branch="false"/>
								<line number="34" hits="2" branch="false"/>
								<line number="35" hits="2" branch="false"/>
								<line number="36" hits="2" branch="false"/>
								<line number="37" hits="2" branch="false"/>
								<line number="38" hits="2" branch="false"/>
								<line number="40" hits="2" branch="false"/>
								<line number="41" hits="2" branch="false"/>
								<line number="42" hits="2" branch="false"/>
								<line number="43" hits="2" branch="false"/>
								<line number="45" hits="2" branch="false"/>
								<line number="46" hits="2" branch="false"/>
								<line number="47" hits="2" branch="false"/>
								<line number="48" hits="2" branch="false"/>
								<line number="49" hits="2" branch="false"/>
								<line number="51" hits="2" branch="false"/>
								<line number="52" hits="2" branch="false"/>
								<line number="53" hits="2" branch="false"/>
								<line number="54" hits="2" branch="false"/>
								<line number="56" hits="2" branch="false"/>
								<line number="57" hits="2" branch="false"/>
								<line number="58" hits="2" branch="false"/>
								<line number="59" hits="2" branch="false"/>
								<line number="61" hits="2" branch="false"/>
								<line number="62" hits="2" branch="false"/>
								<line number="63" hits="2" branch="false"/>
								<line number="65" hits="2" branch="false"/>
								<line number="66" hits="2" branch="false"/>
								<line number="67" hits="2" branch="false"/>
								<line number="69" hits="2" branch="false"/>
							</lines>
						</method>
					</methods>
					<lines>
						<line number="15" hits="0" branch="false"/>
						<line number="27" hits="2" branch="false"/>
						<line number="28" hits="2" branch="false"/>
						<line number="29" hits="2" branch="false"/>
						<line number="30" hits="2" branch="false"/>
						<line number="31" hits="2" branch="false"/>
						<line number="32" hits="2" branch="false"/>
						<line number="33" hits="2" branch="false"/>
						<line number="34" hits="2" branch="false"/>
						<line number="35" hits="2" branch="false"/>
						<line number="36" hits="2" branch="false"/>
						<line number="37" hits="2" branch="false"/>
						<line number="38" hits="2" branch="false"/>
						<line number="40" hits="2" branch="false"/>
						<line number="41" hits="2" branch="false"/>
						<line number="42" hits="2" branch="false"/>
						<line number="43" hits="2" branch="false"/>
						<line number="45" hits="2" branch="false"/>
						<line number="46" hits="2" branch="false"/>
						<line number="47" hits="2" branch="false"/>
						<line number="48" hits="2" branch="false"/>
						<line number="49" hits="2" branch="false"/>
						<line number="51" hits="2" branch="false"/>
						<line number="52" hits="2" branch="false"/>
						<line number="53" hits="2" branch="false"/>
						<line number="54" hits="2" branch="false"/>
						<line number="56" hits="2" branch="false"/>
						<line number="57" hits="2" branch="false"/>
						<line number="58" hits="2" branch="false"/>
						<line number="59" hits="2" branch="false"/>
						<line number="61" hits="2" branch="false"/>
						<line number="62" hits="2" branch="false"/>
						<line number="63" hits="2" branch="false"/>
						<line number="65" hits="2" branch="false"/>
						<line number="66" hits="2" branch="false"/>
						<line number="67" hits="2" branch="false"/>
						<line number="69" hits="2" branch="false"/>
					</lines>
				</class>
				<class name="org.apache.maven.plugin.deltacoverage.coverage.LineCoverage" filename="org/apache/maven/plugin/deltacoverage/coverage/LineCoverage.java" line-rate="0.4" branch-rate="1.0" complexity="1.0">
					<methods>
						<method name="&lt;init&gt;" signature="()V" line-rate="0.0" branch-rate="1.0">
							<lines>
								<line number="5" hits="0" branch="false"/>
							</lines>
						</method>
						<method name="getConditionCoverage" signature="()Ljava/lang/String;" line-rate="1.0" branch-rate="1.0">
							<lines>
								<line number="40" hits="48" branch="false"/>
							</lines>
						</method>
						<method name="getConditions" signature="()Ljava/util/List;" line-rate="1.0" branch-rate="1.0">
							<lines>
								<line number="48" hits="16" branch="false"/>
							</lines>
						</method>
						<method name="getHits" signature="()I" line-rate="1.0" branch-rate="1.0">
							<lines>
								<line number="24" hits="217" branch="false"/>
							</lines>
						</method>
						<method name="getNumber" signature="()I" line-rate="1.0" branch-rate="1.0">
							<lines>
								<line number="16" hits="1986" branch="false"/>
							</lines>
						</method>
						<method name="getValue" signature="()Ljava/lang/String;" line-rate="1.0" branch-rate="1.0">
							<lines>
								<line number="57" hits="31" branch="false"/>
							</lines>
						</method>
						<method name="isBranch" signature="()Z" line-rate="1.0" branch-rate="1.0">
							<lines>
								<line number="32" hits="248" branch="false"/>
							</lines>
						</method>
						<method name="setBranch" signature="(Z)V" line-rate="0.0" branch-rate="1.0">
							<lines>
								<line number="36" hits="0" branch="false"/>
								<line number="37" hits="0" branch="false"/>
							</lines>
						</method>
						<method name="setConditionCoverage" signature="(Ljava/lang/String;)V" line-rate="0.0" branch-rate="1.0">
							<lines>
								<line number="44" hits="0" branch="false"/>
								<line number="45" hits="0" branch="false"/>
							</lines>
						</method>
						<method name="setConditions" signature="(Ljava/util/List;)V" line-rate="0.0" branch-rate="1.0">
							<lines>
								<line number="52" hits="0" branch="false"/>
								<line number="53" hits="0" branch="false"/>
							</lines>
						</method>
						<method name="setHits" signature="(I)V" line-rate="0.0" branch-rate="1.0">
							<lines>
								<line number="28" hits="0" branch="false"/>
								<line number="29" hits="0" branch="false"/>
							</lines>
						</method>
						<method name="setNumber" signature="(I)V" line-rate="0.0" branch-rate="1.0">
							<lines>
								<line number="20" hits="0" branch="false"/>
								<line number="21" hits="0" branch="false"/>
							</lines>
						</method>
						<method name="setValue" signature="(Ljava/lang/String;)V" line-rate="1.0" branch-rate="1.0">
							<lines>
								<line number="61" hits="31" branch="false"/>
								<line number="62" hits="31" branch="false"/>
							</lines>
						</method>
						<method name="toString" signature="()Ljava/lang/String;" line-rate="0.0" branch-rate="1.0">
							<lines>
								<line number="66" hits="0" branch="false"/>
							</lines>
						</method>
					</methods>
					<lines>
						<line number="5" hits="0" branch="false"/>
						<line number="16" hits="1986" branch="false"/>
						<line number="20" hits="0" branch="false"/>
						<line number="21" hits="0" branch="false"/>
						<line number="24" hits="217" branch="false"/>
						<line number="28" hits="0" branch="false"/>
						<line number="29" hits="0" branch="false"/>
						<line number="32" hits="248" branch="false"/>
						<line number="36" hits="0" branch="false"/>
						<line number="37" hits="0" branch="false"/>
						<line number="40" hits="48" branch="false"/>
						<line number="44" hits="0" branch="false"/>
						<line number="45" hits="0" branch="false"/>
						<line number="48" hits="16" branch="false"/>
						<line number="52" hits="0" branch="false"/>
						<line number="53" hits="0" branch="false"/>
						<line number="57" hits="31" branch="false"/>
						<line number="61" hits="31" branch="false"/>
						<line number="62" hits="31" branch="false"/>
						<line number="66" hits="0" branch="false"/>
					</lines>
				</class>
				<class name="org.apache.maven.plugin.deltacoverage.coverage.MethodCoverage" filename="org/apache/maven/plugin/deltacoverage/coverage/MethodCoverage.java" line-rate="0.8888888888888888" branch-rate="1.0" complexity="1.5">
					<methods>
						<method name="&lt;init&gt;" signature="()V" line-rate="1.0" branch-rate="1.0">
							<lines>
								<line number="6" hits="5" branch="false"/>
							</lines>
						</method>
						<method name="addLine" signature="(Lorg/apache/maven/plugin/deltacoverage/coverage/LineCoverage;)V" line-rate="1.0" branch-rate="1.0">
							<lines>
								<line number="38" hits="31" branch="true" condition-coverage="100% (2/2)">
									<conditions>
										<condition number="0" type="jump" coverage="100%"/>
									</conditions>
								</line>
								<line number="39" hits="5" branch="false"/>
								<line number="41" hits="31" branch="false"/>
								<line number="42" hits="31" branch="false"/>
							</lines>
						</method>
						<method name="getLine" signature="(I)Lorg/apache/maven/plugin/deltacoverage/coverage/LineCoverage;" line-rate="1.0" branch-rate="1.0">
							<lines>
								<line number="45" hits="64" branch="true" condition-coverage="100% (2/2)">
									<conditions>
										<condition number="0" type="jump" coverage="100%"/>
									</conditions>
								</line>
								<line number="46" hits="340" branch="true" condition-coverage="100% (2/2)">
									<conditions>
										<condition number="0" type="jump" coverage="100%"/>
									</conditions>
								</line>
								<line number="47" hits="31" branch="false"/>
								<line number="50" hits="33" branch="false"/>
							</lines>
						</method>
						<method name="getLines" signature="()Ljava/util/List;" line-rate="1.0" branch-rate="1.0">
							<lines>
								<line number="14" hits="20" branch="false"/>
							</lines>
						</method>
						<method name="getName" signature="()Ljava/lang/String;" line-rate="1.0" branch-rate="1.0">
							<lines>
								<line number="22" hits="110" branch="false"/>
							</lines>
						</method>
						<method name="getSignature" signature="()Ljava/lang/String;" line-rate="1.0" branch-rate="1.0">
							<lines>
								<line number="30" hits="72" branch="false"/>
							</lines>
						</method>
						<method name="setLines" signature="(Ljava/util/List;)V" line-rate="0.0" branch-rate="1.0">
							<lines>
								<line number="18" hits="0" branch="false"/>
								<line number="19" hits="0" branch="false"/>
							</lines>
						</method>
						<method name="setName" signature="(Ljava/lang/String;)V" line-rate="1.0" branch-rate="1.0">
							<lines>
								<line number="26" hits="5" branch="false"/>
								<line number="27" hits="5" branch="false"/>
							</lines>
						</method>
						<method name="setSignature" signature="(Ljava/lang/String;)V" line-rate="1.0" branch-rate="1.0">
							<lines>
								<line number="34" hits="5" branch="false"/>
								<line number="35" hits="5" branch="false"/>
							</lines>
						</method>
					</methods>
					<lines>
						<line number="6" hits="5" branch="false"/>
						<line number="14" hits="20" branch="false"/>
						<line number="18" hits="0" branch="false"/>
						<line number="19" hits="0" branch="false"/>
						<line number="22" hits="110" branch="false"/>
						<line number="26" hits="5" branch="false"/>
						<line number="27" hits="5" branch="false"/>
						<line number="30" hits="72" branch="false"/>
						<line number="34" hits="5" branch="false"/>
						<line number="35" hits="5" branch="false"/>
						<line number="38" hits="31" branch="true" condition-coverage="100% (2/2)">
							<conditions>
								<condition number="0" type="jump" coverage="100%"/>
							</conditions>
						</line>
						<line number="39" hits="5" branch="false"/>
						<line number="41" hits="31" branch="false"/>
						<line number="42" hits="31" branch="false"/>
						<line number="45" hits="64" branch="true" condition-coverage="100% (2/2)">
							<conditions>
								<condition number="0" type="jump" coverage="100%"/>
							</conditions>
						</line>
						<line number="46" hits="340" branch="true" condition-coverage="100% (2/2)">
							<conditions>
								<condition number="0" type="jump" coverage="100%"/>
							</conditions>
						</line>
						<line number="47" hits="31" branch="false"/>
						<line number="50" hits="33" branch="false"/>
					</lines>
				</class>
				<class name="org.apache.maven.plugin.deltacoverage.coverage.ModuleCoverage" filename="org/apache/maven/plugin/deltacoverage/coverage/ModuleCoverage.java" line-rate="0.8" branch-rate="0.75" complexity="1.5">
					<methods>
						<method name="&lt;init&gt;" signature="()V" line-rate="1.0" branch-rate="1.0">
							<lines>
								<line number="6" hits="1" branch="false"/>
								<line number="9" hits="1" branch="false"/>
								<line number="11" hits="1" branch="false"/>
								<line number="12" hits="1" branch="false"/>
							</lines>
						</method>
						<method name="addPackage" signature="(Lorg/apache/maven/plugin/deltacoverage/coverage/PackageCoverage;)V" line-rate="0.75" branch-rate="0.5">
							<lines>
								<line number="47" hits="2" branch="true" condition-coverage="50% (1/2)">
									<conditions>
										<condition number="0" type="jump" coverage="50%"/>
									</conditions>
								</line>
								<line number="48" hits="0" branch="false"/>
								<line number="50" hits="2" branch="false"/>
								<line number="52" hits="2" branch="false"/>
							</lines>
						</method>
						<method name="getPackage" signature="(Ljava/lang/String;)Lorg/apache/maven/plugin/deltacoverage/coverage/PackageCoverage;" line-rate="1.0" branch-rate="0.8333333333333334">
							<lines>
								<line number="55" hits="6" branch="true" condition-coverage="50% (1/2)">
									<conditions>
										<condition number="0" type="jump" coverage="50%"/>
									</conditions>
								</line>
								<line number="56" hits="6" branch="true" condition-coverage="100% (2/2)">
									<conditions>
										<condition number="0" type="jump" coverage="100%"/>
									</conditions>
								</line>
								<line number="57" hits="10" branch="true" condition-coverage="100% (2/2)">
									<conditions>
										<condition number="0" type="jump" coverage="100%"/>
									</conditions>
								</line>
								<line number="58" hits="4" branch="false"/>
								<line number="62" hits="2" branch="false"/>
							</lines>
						</method>
						<method name="getPackages" signature="()Ljava/util/List;" line-rate="1.0" branch-rate="1.0">
							<lines>
								<line number="23" hits="4" branch="false"/>
							</lines>
						</method>
						<method name="getSources" signature="()Ljava/util/List;" line-rate="1.0" branch-rate="1.0">
							<lines>
								<line number="15" hits="2" branch="false"/>
							</lines>
						</method>
						<method name="getTimestamp" signature="()J" line-rate="1.0" branch-rate="1.0">
							<lines>
								<line number="31" hits="1" branch="false"/>
							</lines>
						</method>
						<method name="getVersion" signature="()Ljava/lang/String;" line-rate="1.0" branch-rate="1.0">
							<lines>
								<line number="39" hits="2" branch="false"/>
							</lines>
						</method>
						<method name="setPackages" signature="(Ljava/util/List;)V" line-rate="0.0" branch-rate="1.0">
							<lines>
								<line number="27" hits="0" branch="false"/>
								<line number="28" hits="0" branch="false"/>
							</lines>
						</method>
						<method name="setSources" signature="(Ljava/util/List;)V" line-rate="1.0" branch-rate="1.0">
							<lines>
								<line number="19" hits="1" branch="false"/>
								<line number="20" hits="1" branch="false"/>
							</lines>
						</method>
						<method name="setTimestamp" signature="(J)V" line-rate="0.0" branch-rate="1.0">
							<lines>
								<line number="35" hits="0" branch="false"/>
								<line number="36" hits="0" branch="false"/>
							</lines>
						</method>
						<method name="setVersion" signature="(Ljava/lang/String;)V" line-rate="1.0" branch-rate="1.0">
							<lines>
								<line number="43" hits="1" branch="false"/>
								<line number="44" hits="1" branch="false"/>
							</lines>
						</method>
					</methods>
					<lines>
						<line number="6" hits="1" branch="false"/>
						<line number="9" hits="1" branch="false"/>
						<line number="11" hits="1" branch="false"/>
						<line number="12" hits="1" branch="false"/>
						<line number="15" hits="2" branch="false"/>
						<line number="19" hits="1" branch="false"/>
						<line number="20" hits="1" branch="false"/>
						<line number="23" hits="4" branch="false"/>
						<line number="27" hits="0" branch="false"/>
						<line number="28" hits="0" branch="false"/>
						<line number="31" hits="1" branch="false"/>
						<line number="35" hits="0" branch="false"/>
						<line number="36" hits="0" branch="false"/>
						<line number="39" hits="2" branch="false"/>
						<line number="43" hits="1" branch="false"/>
						<line number="44" hits="1" branch="false"/>
						<line number="47" hits="2" branch="true" condition-coverage="50% (1/2)">
							<conditions>
								<condition number="0" type="jump" coverage="50%"/>
							</conditions>
						</line>
						<line number="48" hits="0" branch="false"/>
						<line number="50" hits="2" branch="false"/>
						<line number="52" hits="2" branch="false"/>
						<line number="55" hits="6" branch="true" condition-coverage="50% (1/2)">
							<conditions>
								<condition number="0" type="jump" coverage="50%"/>
							</conditions>
						</line>
						<line number="56" hits="6" branch="true" condition-coverage="100% (2/2)">
							<conditions>
								<condition number="0" type="jump" coverage="100%"/>
							</conditions>
						</line>
						<line number="57" hits="10" branch="true" condition-coverage="100% (2/2)">
							<conditions>
								<condition number="0" type="jump" coverage="100%"/>
							</conditions>
						</line>
						<line number="58" hits="4" branch="false"/>
						<line number="62" hits="2" branch="false"/>
					</lines>
				</class>
				<class name="org.apache.maven.plugin.deltacoverage.coverage.PackageCoverage" filename="org/apache/maven/plugin/deltacoverage/coverage/PackageCoverage.java" line-rate="0.8" branch-rate="0.8333333333333334" complexity="1.6666666666666667">
					<methods>
						<method name="&lt;init&gt;" signature="()V" line-rate="1.0" branch-rate="1.0">
							<lines>
								<line number="6" hits="2" branch="false"/>
							</lines>
						</method>
						<method name="addClass" signature="(Lorg/apache/maven/plugin/deltacoverage/coverage/ClassCoverage;)V" line-rate="1.0" branch-rate="1.0">
							<lines>
								<line number="28" hits="3" branch="true" condition-coverage="100% (2/2)">
									<conditions>
										<condition number="0" type="jump" coverage="100%"/>
									</conditions>
								</line>
								<line number="29" hits="2" branch="false"/>
								<line number="31" hits="3" branch="false"/>
								<line number="32" hits="3" branch="false"/>
							</lines>
						</method>
						<method name="getClass" signature="(Ljava/lang/String;)Lorg/apache/maven/plugin/deltacoverage/coverage/ClassCoverage;" line-rate="0.75" branch-rate="0.75">
							<lines>
								<line number="35" hits="3" branch="true" condition-coverage="50% (1/2)">
									<conditions>
										<condition number="0" type="jump" coverage="50%"/>
									</conditions>
								</line>
								<line number="36" hits="6" branch="true" condition-coverage="100% (2/2)">
									<conditions>
										<condition number="0" type="jump" coverage="100%"/>
									</conditions>
								</line>
								<line number="37" hits="3" branch="false"/>
								<line number="40" hits="0" branch="false"/>
							</lines>
						</method>
						<method name="getClasses" signature="()Ljava/util/List;" line-rate="1.0" branch-rate="1.0">
							<lines>
								<line number="12" hits="8" branch="false"/>
							</lines>
						</method>
						<method name="getName" signature="()Ljava/lang/String;" line-rate="1.0" branch-rate="1.0">
							<lines>
								<line number="20" hits="16" branch="false"/>
							</lines>
						</method>
						<method name="setClasses" signature="(Ljava/util/List;)V" line-rate="0.0" branch-rate="1.0">
							<lines>
								<line number="16" hits="0" branch="false"/>
								<line number="17" hits="0" branch="false"/>
							</lines>
						</method>
						<method name="setName" signature="(Ljava/lang/String;)V" line-rate="1.0" branch-rate="1.0">
							<lines>
								<line number="24" hits="2" branch="false"/>
								<line number="25" hits="2" branch="false"/>
							</lines>
						</method>
					</methods>
					<lines>
						<line number="6" hits="2" branch="false"/>
						<line number="12" hits="8" branch="false"/>
						<line number="16" hits="0" branch="false"/>
						<line number="17" hits="0" branch="false"/>
						<line number="20" hits="16" branch="false"/>
						<line number="24" hits="2" branch="false"/>
						<line number="25" hits="2" branch="false"/>
						<line number="28" hits="3" branch="true" condition-coverage="100% (2/2)">
							<conditions>
								<condition number="0" type="jump" coverage="100%"/>
							</conditions>
						</line>
						<line number="29" hits="2" branch="false"/>
						<line number="31" hits="3" branch="false"/>
						<line number="32" hits="3" branch="false"/>
						<line number="35" hits="3" branch="true" condition-coverage="50% (1/2)">
							<conditions>
								<condition number="0" type="jump" coverage="50%"/>
							</conditions>
						</line>
						<line number="36" hits="6" branch="true" condition-coverage="100% (2/2)">
							<conditions>
								<condition number="0" type="jump" coverage="100%"/>
							</conditions>
						</line>
						<line number="37" hits="3" branch="false"/>
						<line number="40" hits="0" branch="false"/>
					</lines>
				</class>
			</classes>
		</package>
		<package name="org.apache.maven.plugin.deltacoverage.report" line-rate="1.0" branch-rate="1.0" complexity="3.0">
			<classes>
				<class name="org.apache.maven.plugin.deltacoverage.report.DeltaCoverageReportCreator" filename="org/apache/maven/plugin/deltacoverage/report/DeltaCoverageReportCreator.java" line-rate="1.0" branch-rate="1.0" complexity="3.0">
					<methods>
						<method name="&lt;init&gt;" signature="()V" line-rate="1.0" branch-rate="1.0">
							<lines>
								<line number="42" hits="1" branch="false"/>
								<line number="43" hits="1" branch="false"/>
								<line number="44" hits="1" branch="false"/>
								<line number="45" hits="1" branch="false"/>
								<line number="46" hits="1" branch="false"/>
							</lines>
						</method>
						<method name="createReport" signature="(Lorg/apache/maven/plugin/deltacoverage/coverage/ModuleCoverage;Ljava/io/File;Ljava/io/File;)V" line-rate="1.0" branch-rate="1.0">
							<lines>
								<line number="72" hits="1" branch="false"/>
								<line number="74" hits="1" branch="true" condition-coverage="100% (2/2)">
									<conditions>
										<condition number="0" type="jump" coverage="100%"/>
									</conditions>
								</line>
								<line number="76" hits="3" branch="false"/>
								<line number="77" hits="3" branch="false"/>
								<line number="78" hits="3" branch="false"/>
								<line number="79" hits="3" branch="false"/>
								<line number="81" hits="3" branch="false"/>
								<line number="82" hits="3" branch="false"/>
								<line number="84" hits="3" branch="false"/>
								<line number="86" hits="1" branch="false"/>
							</lines>
						</method>
						<method name="getInstance" signature="()Lorg/apache/maven/plugin/deltacoverage/report/DeltaCoverageReportCreator;" line-rate="1.0" branch-rate="1.0">
							<lines>
								<line number="53" hits="6" branch="true" condition-coverage="100% (2/2)">
									<conditions>
										<condition number="0" type="jump" coverage="100%"/>
									</conditions>
								</line>
								<line number="54" hits="1" branch="false"/>
								<line number="56" hits="6" branch="false"/>
							</lines>
						</method>
						<method name="getRelativePath" signature="(Ljava/io/File;Ljava/io/File;)Ljava/lang/String;" line-rate="1.0" branch-rate="1.0">
							<lines>
								<line number="98" hits="8" branch="false"/>
								<line number="99" hits="8" branch="false"/>
								<line number="100" hits="8" branch="false"/>
								<line number="101" hits="8" branch="false"/>
								<line number="102" hits="8" branch="false"/>
								<line number="103" hits="120" branch="true" condition-coverage="100% (2/2)">
									<conditions>
										<condition number="0" type="jump" coverage="100%"/>
									</conditions>
								</line>
								<line number="104" hits="62" branch="true" condition-coverage="100% (4/4)">
									<conditions>
										<condition number="0" type="jump" coverage="100%"/>
										<condition number="1" type="jump" coverage="100%"/>
									</conditions>
								</line>
								<line number="105" hits="14" branch="true" condition-coverage="100% (2/2)">
									<conditions>
										<condition number="0" type="jump" coverage="100%"/>
									</conditions>
								</line>
								<line number="106" hits="8" branch="false"/>
								<line number="108" hits="29" branch="true" condition-coverage="100% (2/2)">
									<conditions>
										<condition number="0" type="jump" coverage="100%"/>
									</conditions>
								</line>
								<line number="109" hits="23" branch="false"/>
								<line number="111" hits="6" branch="false"/>
								<line number="112" hits="6" branch="false"/>
								<line number="115" hits="8" branch="true" condition-coverage="100% (4/4)">
									<conditions>
										<condition number="0" type="jump" coverage="100%"/>
										<condition number="1" type="jump" coverage="100%"/>
									</conditions>
								</line>
								<line number="116" hits="4" branch="true" condition-coverage="100% (2/2)">
									<conditions>
										<condition number="0" type="jump" coverage="100%"/>
									</conditions>
								</line>
								<line number="117" hits="3" branch="false"/>
								<line number="120" hits="8" branch="false"/>
								<line number="122" hits="8" branch="false"/>
							</lines>
						</method>
						<method name="getReportName" signature="(Ljava/lang/String;)Ljava/lang/String;" line-rate="1.0" branch-rate="1.0">
							<lines>
								<line number="132" hits="3" branch="false"/>
								<line number="133" hits="3" branch="false"/>
								<line number="134" hits="3" branch="false"/>
								<line number="135" hits="3" branch="false"/>
							</lines>
						</method>
					</methods>
					<lines>
						<line number="42" hits="1" branch="false"/>
						<line number="43" hits="1" branch="false"/>
						<line number="44" hits="1" branch="false"/>
						<line number="45" hits="1" branch="false"/>
						<line number="46" hits="1" branch="false"/>
						<line number="53" hits="6" branch="true" condition-coverage="100% (2/2)">
							<conditions>
								<condition number="0" type="jump" coverage="100%"/>
							</conditions>
						</line>
						<line number="54" hits="1" branch="false"/>
						<line number="56" hits="6" branch="false"/>
						<line number="72" hits="1" branch="false"/>
						<line number="74" hits="1" branch="true" condition-coverage="100% (2/2)">
							<conditions>
								<condition number="0" type="jump" coverage="100%"/>
							</conditions>
						</line>
						<line number="76" hits="3" branch="false"/>
						<line number="77" hits="3" branch="false"/>
						<line number="78" hits="3" branch="false"/>
						<line number="79" hits="3" branch="false"/>
						<line number="81" hits="3" branch="false"/>
						<line number="82" hits="3" branch="false"/>
						<line number="84" hits="3" branch="false"/>
						<line number="86" hits="1" branch="false"/>
						<line number="98" hits="8" branch="false"/>
						<line number="99" hits="8" branch="false"/>
						<line number="100" hits="8" branch="false"/>
						<line number="101" hits="8" branch="false"/>
						<line number="102" hits="8" branch="false"/>
						<line number="103" hits="120" branch="true" condition-coverage="100% (2/2)">
							<conditions>
								<condition number="0" type="jump" coverage="100%"/>
							</conditions>
						</line>
						<line number="104" hits="62" branch="true" condition-coverage="100% (4/4)">
							<conditions>
								<condition number="0" type="jump" coverage="100%"/>
								<condition number="1" type="jump" coverage="100%"/>
							</conditions>
						</line>
						<line number="105" hits="14" branch="true" condition-coverage="100% (2/2)">
							<conditions>
								<condition number="0" type="jump" coverage="100%"/>
							</conditions>
						</line>
						<line number="106" hits="8" branch="false"/>
						<line number="108" hits="29" branch="true" condition-coverage="100% (2/2)">
							<conditions>
								<condition number="0" type="jump" coverage="100%"/>
							</conditions>
						</line>
						<line number="109" hits="23" branch="false"/>
						<line number="111" hits="6" branch="false"/>
						<line number="112" hits="6" branch="false"/>
						<line number="115" hits="8" branch="true" condition-coverage="100% (4/4)">
							<conditions>
								<condition number="0" type="jump" coverage="100%"/>
								<condition number="1" type="jump" coverage="100%"/>
							</conditions>
						</line>
						<line number="116" hits="4" branch="true" condition-coverage="100% (2/2)">
							<conditions>
								<condition number="0" type="jump" coverage="100%"/>
							</conditions>
						</line>
						<line number="117" hits="3" branch="false"/>
						<line number="120" hits="8" branch="false"/>
						<line number="122" hits="8" branch="false"/>
						<line number="132" hits="3" branch="false"/>
						<line number="133" hits="3" branch="false"/>
						<line number="134" hits="3" branch="false"/>
						<line number="135" hits="3" branch="false"/>
					</lines>
				</class>
			</classes>
		</package>
		<package name="org.apache.maven.plugin.deltacoverage.scm" line-rate="0.9868421052631579" branch-rate="0.9047619047619048" complexity="2.210526315789474">
			<classes>
				<class name="org.apache.maven.plugin.deltacoverage.scm.AbstractSCMExecutor" filename="org/apache/maven/plugin/deltacoverage/scm/AbstractSCMExecutor.java" line-rate="1.0" branch-rate="1.0" complexity="1.0">
					<methods>
						<method name="&lt;init&gt;" signature="(Lorg/apache/maven/plugin/logging/Log;)V" line-rate="1.0" branch-rate="1.0">
							<lines>
								<line number="28" hits="2" branch="false"/>
								<line number="29" hits="2" branch="false"/>
								<line number="30" hits="2" branch="false"/>
							</lines>
						</method>
						<method name="getLog" signature="()Lorg/apache/maven/plugin/logging/Log;" line-rate="1.0" branch-rate="1.0">
							<lines>
								<line number="37" hits="182" branch="false"/>
							</lines>
						</method>
					</methods>
					<lines>
						<line number="28" hits="2" branch="false"/>
						<line number="29" hits="2" branch="false"/>
						<line number="30" hits="2" branch="false"/>
						<line number="37" hits="182" branch="false"/>
					</lines>
				</class>
[...]
								<line number="99" hits="2" branch="false"/>
							</lines>
						</method>
					</methods>
					<lines>
						<line number="41" hits="2" branch="false"/>
						<line number="42" hits="2" branch="false"/>
						<line number="47" hits="2" branch="false"/>
						<line number="48" hits="2" branch="false"/>
						<line number="49" hits="2" branch="false"/>
						<line number="51" hits="2" branch="false"/>
						<line number="52" hits="2" branch="false"/>
						<line number="53" hits="2" branch="false"/>
						<line number="55" hits="2" branch="false"/>
						<line number="65" hits="2" branch="false"/>
						<line number="66" hits="2" branch="false"/>
						<line number="67" hits="2" branch="false"/>
						<line number="68" hits="2" branch="false"/>
						<line number="69" hits="2" branch="false"/>
						<line number="70" hits="182" branch="true" condition-coverage="100% (2/2)">
							<conditions>
								<condition number="0" type="jump" coverage="100%"/>
							</conditions>
						</line>
						<line number="71" hits="180" branch="false"/>
						<line number="72" hits="180" branch="true" condition-coverage="100% (2/2)">
							<conditions>
								<condition number="0" type="jump" coverage="100%"/>
							</conditions>
						</line>
						<line number="73" hits="6" branch="false"/>
						<line number="74" hits="6" branch="false"/>
						<line number="75" hits="6" branch="false"/>
						<line number="76" hits="6" branch="false"/>
						<line number="77" hits="6" branch="false"/>
						<line number="78" hits="6" branch="true" condition-coverage="100% (2/2)">
							<conditions>
								<condition number="0" type="jump" coverage="100%"/>
							</conditions>
						</line>
						<line number="80" hits="4" branch="false"/>
						<line number="81" hits="4" branch="true" condition-coverage="100% (2/2)">
							<conditions>
								<condition number="0" type="jump" coverage="100%"/>
							</conditions>
						</line>
						<line number="83" hits="2" branch="false"/>
						<line number="86" hits="174" branch="true" condition-coverage="100% (2/2)">
							<conditions>
								<condition number="0" type="jump" coverage="100%"/>
							</conditions>
						</line>
						<line number="87" hits="10" branch="false"/>
						<line number="88" hits="10" branch="false"/>
						<line number="89" hits="10" branch="false"/>
						<line number="90" hits="10" branch="true" condition-coverage="100% (4/4)">
							<conditions>
								<condition number="0" type="jump" coverage="100%"/>
								<condition number="1" type="jump" coverage="100%"/>
							</conditions>
						</line>
						<line number="91" hits="8" branch="false"/>
						<line number="92" hits="8" branch="false"/>
						<line number="93" hits="8" branch="false"/>
						<line number="95" hits="10" branch="true" condition-coverage="75% (3/4)">
							<conditions>
								<condition number="0" type="jump" coverage="100%"/>
								<condition number="1" type="jump" coverage="50%"/>
							</conditions>
						</line>
						<line number="96" hits="134" branch="false"/>
						<line number="99" hits="2" branch="false"/>
						<line number="114" hits="8" branch="false"/>
						<line number="115" hits="8" branch="false"/>
						<line number="116" hits="8" branch="true" condition-coverage="50% (1/2)">
							<conditions>
								<condition number="0" type="jump" coverage="50%"/>
							</conditions>
						</line>
						<line number="118" hits="8" branch="false"/>
						<line number="119" hits="142" branch="true" condition-coverage="100% (2/2)">
							<conditions>
								<condition number="0" type="jump" coverage="100%"/>
							</conditions>
						</line>
						<line number="120" hits="134" branch="false"/>
						<line number="121" hits="134" branch="false"/>
						<line number="122" hits="134" branch="false"/>
						<line number="123" hits="134" branch="false"/>
						<line number="125" hits="8" branch="false"/>
						<line number="143" hits="10" branch="true" condition-coverage="100% (2/2)">
							<conditions>
								<condition number="0" type="jump" coverage="100%"/>
							</conditions>
						</line>
						<line number="144" hits="4" branch="false"/>
						<line number="145" hits="6" branch="true" condition-coverage="100% (2/2)">
							<conditions>
								<condition number="0" type="jump" coverage="100%"/>
							</conditions>
						</line>
						<line number="146" hits="4" branch="false"/>
						<line number="148" hits="2" branch="false"/>
						<line number="163" hits="6" branch="false"/>
						<line number="164" hits="6" branch="false"/>
						<line number="165" hits="6" branch="false"/>
						<line number="166" hits="6" branch="false"/>
						<line number="167" hits="6" branch="false"/>
						<line number="168" hits="6" branch="false"/>
						<line number="169" hits="6" branch="false"/>
						<line number="185" hits="6" branch="false"/>
						<line number="198" hits="6" branch="false"/>
						<line number="210" hits="180" branch="false"/>
						<line number="223" hits="174" branch="true" condition-coverage="91% (11/12)">
							<conditions>
								<condition number="0" type="jump" coverage="100%"/>
								<condition number="1" type="jump" coverage="100%"/>
								<condition number="2" type="jump" coverage="100%"/>
								<condition number="3" type="jump" coverage="100%"/>
								<condition number="4" type="jump" coverage="100%"/>
								<condition number="5" type="jump" coverage="50%"/>
							</conditions>
						</line>
						<line number="238" hits="164" branch="false"/>
					</lines>
				</class>
				<class name="org.apache.maven.plugin.deltacoverage.scm.SCMExecutor" filename="org/apache/maven/plugin/deltacoverage/scm/SCMExecutor.java" line-rate="1.0" branch-rate="1.0" complexity="1.0">
					<methods>
					</methods>
					<lines>
					</lines>
				</class>
				<class name="org.apache.maven.plugin.deltacoverage.scm.SCMExecutorFactory" filename="org/apache/maven/plugin/deltacoverage/scm/SCMExecutorFactory.java" line-rate="0.875" branch-rate="0.75" complexity="2.0">
					<methods>
						<method name="&lt;init&gt;" signature="()V" line-rate="1.0" branch-rate="1.0">
							<lines>
								<line number="22" hits="1" branch="false"/>
								<line number="24" hits="1" branch="false"/>
							</lines>
						</method>
						<method name="getExecutor" signature="(Ljava/lang/String;Lorg/apache/maven/plugin/logging/Log;)Lorg/apache/maven/plugin/deltacoverage/scm/SCMExecutor;" line-rate="0.6666666666666666" branch-rate="0.5">
							<lines>
								<line number="47" hits="2" branch="true" condition-coverage="50% (1/2)">
									<conditions>
										<condition number="0" type="jump" coverage="50%"/>
									</conditions>
								</line>
								<line number="49" hits="2" branch="false"/>
								<line number="51" hits="0" branch="false"/>
							</lines>
						</method>
						<method name="getInstance" signature="()Lorg/apache/maven/plugin/deltacoverage/scm/SCMExecutorFactory;" line-rate="1.0" branch-rate="1.0">
							<lines>
								<line number="31" hits="2" branch="true" condition-coverage="100% (2/2)">
									<conditions>
										<condition number="0" type="jump" coverage="100%"/>
									</conditions>
								</line>
								<line number="33" hits="1" branch="false"/>
								<line number="35" hits="2" branch="false"/>
							</lines>
						</method>
					</methods>
					<lines>
						<line number="22" hits="1" branch="false"/>
						<line number="24" hits="1" branch="false"/>
						<line number="31" hits="2" branch="true" condition-coverage="100% (2/2)">
							<conditions>
								<condition number="0" type="jump" coverage="100%"/>
							</conditions>
						</line>
						<line number="33" hits="1" branch="false"/>
						<line number="35" hits="2" branch="false"/>
						<line number="47" hits="2" branch="true" condition-coverage="50% (1/2)">
							<conditions>
								<condition number="0" type="jump" coverage="50%"/>
							</conditions>
						</line>
						<line number="49" hits="2" branch="false"/>
						<line number="51" hits="0" branch="false"/>
					</lines>
				</class>
			</classes>
		</package>
		<package name="org.apache.maven.plugin.deltacoverage.util" line-rate="0.9038461538461539" branch-rate="0.7857142857142857" complexity="4.4">
			<classes>
				<class name="org.apache.maven.plugin.deltacoverage.util.ClassPathUtil" filename="org/apache/maven/plugin/deltacoverage/util/ClassPathUtil.java" line-rate="0.96" branch-rate="0.9285714285714286" complexity="4.5">
					<methods>
						<method name="&lt;init&gt;" signature="()V" line-rate="0.0" branch-rate="1.0">
							<lines>
								<line number="12" hits="0" branch="false"/>
							</lines>
						</method>
						<method name="getTemplateNames" signature="(Ljava/lang/String;Ljava/lang/String;)Ljava/util/List;" line-rate="1.0" branch-rate="0.9285714285714286">
							<lines>
								<line number="16" hits="3" branch="false"/>
								<line number="17" hits="3" branch="false"/>
								<line number="19" hits="8" branch="true" condition-coverage="100% (2/2)">
									<conditions>
										<condition number="0" type="jump" coverage="100%"/>
									</conditions>
								</line>
								<line number="21" hits="5" branch="false"/>
								<line number="22" hits="5" branch="true" condition-coverage="100% (2/2)">
									<conditions>
										<condition number="0" type="jump" coverage="100%"/>
									</conditions>
								</line>
								<line number="24" hits="1" branch="false"/>
								<line number="25" hits="1" branch="false"/>
								<line number="26" hits="1" branch="false"/>
								<line number="27" hits="1" branch="false"/>
								<line number="28" hits="699" branch="true" condition-coverage="100% (2/2)">
									<conditions>
										<condition number="0" type="jump" coverage="100%"/>
									</conditions>
								</line>
								<line number="30" hits="698" branch="false"/>
								<line number="31" hits="698" branch="false"/>
								<line number="32" hits="698" branch="true" condition-coverage="100% (4/4)">
									<conditions>
										<condition number="0" type="jump" coverage="100%"/>
										<condition number="1" type="jump" coverage="100%"/>
									</conditions>
								</line>
								<line number="34" hits="11" branch="false"/>
								<line number="35" hits="11" branch="false"/>
								<line number="37" hits="698" branch="false"/>
								<line number="38" hits="1" branch="false"/>
								<line number="39" hits="4" branch="true" condition-coverage="50% (1/2)">
									<conditions>
										<condition number="0" type="jump" coverage="50%"/>
									</conditions>
								</line>
								<line number="41" hits="4" branch="false"/>
								<line number="42" hits="4" branch="false"/>
								<line number="49" hits="10" branch="true" condition-coverage="100% (2/2)">
									<conditions>
										<condition number="0" type="jump" coverage="100%"/>
									</conditions>
								</line>
								<line number="50" hits="6" branch="false"/>
								<line number="53" hits="5" branch="false"/>
								<line number="55" hits="3" branch="false"/>
							</lines>
						</method>
					</methods>
					<lines>
						<line number="12" hits="0" branch="false"/>
						<line number="16" hits="3" branch="false"/>
						<line number="17" hits="3" branch="false"/>
						<line number="19" hits="8" branch="true" condition-coverage="100% (2/2)">
							<conditions>
								<condition number="0" type="jump" coverage="100%"/>
							</conditions>
						</line>
						<line number="21" hits="5" branch="false"/>
						<line number="22" hits="5" branch="true" condition-coverage="100% (2/2)">
							<conditions>
								<condition number="0" type="jump" coverage="100%"/>
							</conditions>
						</line>
						<line number="24" hits="1" branch="false"/>
						<line number="25" hits="1" branch="false"/>
						<line number="26" hits="1" branch="false"/>
						<line number="27" hits="1" branch="false"/>
						<line number="28" hits="699" branch="true" condition-coverage="100% (2/2)">
							<conditions>
								<condition number="0" type="jump" coverage="100%"/>
							</conditions>
						</line>
						<line number="30" hits="698" branch="false"/>
						<line number="31" hits="698" branch="false"/>
						<line number="32" hits="698" branch="true" condition-coverage="100% (4/4)">
							<conditions>
								<condition number="0" type="jump" coverage="100%"/>
								<condition number="1" type="jump" coverage="100%"/>
							</conditions>
						</line>
						<line number="34" hits="11" branch="false"/>
						<line number="35" hits="11" branch="false"/>
						<line number="37" hits="698" branch="false"/>
						<line number="38" hits="1" branch="false"/>
						<line number="39" hits="4" branch="true" condition-coverage="50% (1/2)">
							<conditions>
								<condition number="0" type="jump" coverage="50%"/>
							</conditions>
						</line>
						<line number="41" hits="4" branch="false"/>
						<line number="42" hits="4" branch="false"/>
						<line number="49" hits="10" branch="true" condition-coverage="100% (2/2)">
							<conditions>
								<condition number="0" type="jump" coverage="100%"/>
							</conditions>
						</line>
						<line number="50" hits="6" branch="false"/>
						<line number="53" hits="5" branch="false"/>
						<line number="55" hits="3" branch="false"/>
					</lines>
				</class>
				<class name="org.apache.maven.plugin.deltacoverage.util.ClassPathUtil$1" filename="org/apache/maven/plugin/deltacoverage/util/ClassPathUtil.java" line-rate="1.0" branch-rate="1.0" complexity="4.5">
					<methods>
						<method name="&lt;init&gt;" signature="(Ljava/lang/String;)V" line-rate="1.0" branch-rate="1.0">
							<lines>
								<line number="42" hits="4" branch="false"/>
							</lines>
						</method>
						<method name="accept" signature="(Ljava/io/File;Ljava/lang/String;)Z" line-rate="1.0" branch-rate="1.0">
							<lines>
								<line number="46" hits="10" branch="false"/>
							</lines>
						</method>
					</methods>
					<lines>
						<line number="42" hits="4" branch="false"/>
						<line number="46" hits="10" branch="false"/>
					</lines>
				</class>
				<class name="org.apache.maven.plugin.deltacoverage.util.ProcessExecutor" filename="org/apache/maven/plugin/deltacoverage/util/ProcessExecutor.java" line-rate="0.84" branch-rate="0.6428571428571429" complexity="4.333333333333333">
					<methods>
						<method name="&lt;init&gt;" signature="()V" line-rate="0.7142857142857143" branch-rate="1.0">
							<lines>
								<line number="12" hits="1" branch="false"/>
								<line number="14" hits="1" branch="false"/>
								<line number="16" hits="1" branch="false"/>
								<line number="17" hits="0" branch="false"/>
								<line number="18" hits="0" branch="false"/>
								<line number="19" hits="1" branch="false"/>
								<line number="20" hits="1" branch="false"/>
							</lines>
						</method>
						<method name="buildCommand" signature="(Ljava/lang/String;Ljava/util/Map;Ljava/io/File;)Ljava/lang/ProcessBuilder;" line-rate="0.8666666666666667" branch-rate="0.5833333333333334">
							<lines>
								<line number="30" hits="2" branch="false"/>
								<line number="31" hits="2" branch="true" condition-coverage="50% (1/2)">
									<conditions>
										<condition number="0" type="jump" coverage="50%"/>
									</conditions>
								</line>
								<line number="32" hits="2" branch="false"/>
								<line number="33" hits="2" branch="true" condition-coverage="50% (1/2)">
									<conditions>
										<condition number="0" type="jump" coverage="50%"/>
									</conditions>
								</line>
								<line number="34" hits="0" branch="false"/>
								<line number="37" hits="2" branch="false"/>
								<line number="39" hits="2" branch="true" condition-coverage="50% (2/4)">
									<conditions>
										<condition number="0" type="jump" coverage="50%"/>
										<condition number="1" type="jump" coverage="50%"/>
									</conditions>
								</line>
								<line number="40" hits="12" branch="true" condition-coverage="100% (2/2)">
									<conditions>
										<condition number="0" type="jump" coverage="100%"/>
									</conditions>
								</line>
								<line number="41" hits="10" branch="false"/>
								<line number="42" hits="10" branch="true" condition-coverage="50% (1/2)">
									<conditions>
										<condition number="0" type="jump" coverage="50%"/>
									</conditions>
								</line>
								<line number="43" hits="0" branch="false"/>
								<line number="47" hits="2" branch="false"/>
								<line number="48" hits="2" branch="false"/>
								<line number="49" hits="2" branch="false"/>
								<line number="50" hits="2" branch="false"/>
							</lines>
						</method>
						<method name="getInstance" signature="()Lorg/apache/maven/plugin/deltacoverage/util/ProcessExecutor;" line-rate="1.0" branch-rate="1.0">
							<lines>
								<line number="23" hits="2" branch="true" condition-coverage="100% (2/2)">
									<conditions>
										<condition number="0" type="jump" coverage="100%"/>
									</conditions>
								</line>
								<line number="24" hits="1" branch="false"/>
								<line number="26" hits="2" branch="false"/>
							</lines>
						</method>
					</methods>
					<lines>
						<line number="12" hits="1" branch="false"/>
						<line number="14" hits="1" branch="false"/>
						<line number="16" hits="1" branch="false"/>
						<line number="17" hits="0" branch="false"/>
						<line number="18" hits="0" branch="false"/>
						<line number="19" hits="1" branch="false"/>
						<line number="20" hits="1" branch="false"/>
						<line number="23" hits="2" branch="true" condition-coverage="100% (2/2)">
							<conditions>
								<condition number="0" type="jump" coverage="100%"/>
							</conditions>
						</line>
						<line number="24" hits="1" branch="false"/>
						<line number="26" hits="2" branch="false"/>
						<line number="30" hits="2" branch="false"/>
						<line number="31" hits="2" branch="true" condition-coverage="50% (1/2)">
							<conditions>
								<condition number="0" type="jump" coverage="50%"/>
							</conditions>
						</line>
						<line number="32" hits="2" branch="false"/>
						<line number="33" hits="2" branch="true" condition-coverage="50% (1/2)">
							<conditions>
								<condition number="0" type="jump" coverage="50%"/>
							</conditions>
						</line>
						<line number="34" hits="0" branch="false"/>
						<line number="37" hits="2" branch="false"/>
						<line number="39" hits="2" branch="true" condition-coverage="50% (2/4)">
							<conditions>
								<condition number="0" type="jump" coverage="50%"/>
								<condition number="1" type="jump" coverage="50%"/>
							</conditions>
						</line>
						<line number="40" hits="12" branch="true" condition-coverage="100% (2/2)">
							<conditions>
								<condition number="0" type="jump" coverage="100%"/>
							</conditions>
						</line>
						<line number="41" hits="10" branch="false"/>
						<line number="42" hits="10" branch="true" condition-coverage="50% (1/2)">
							<conditions>
								<condition number="0" type="jump" coverage="50%"/>
							</conditions>
						</line>
						<line number="43" hits="0" branch="false"/>
						<line number="47" hits="2" branch="false"/>
						<line number="48" hits="2" branch="false"/>
						<line number="49" hits="2" branch="false"/>
						<line number="50" hits="2" branch="false"/>
					</lines>
				</class>
			</classes>
		</package>
	</packages>
</coverage>
